d:\experience\研究生\图像处理实验室\kinect项目\kinect\qtguiapplication1\x64\debug\bodydate.obj
d:\experience\研究生\图像处理实验室\kinect项目\kinect\qtguiapplication1\x64\debug\mytimer.obj
d:\experience\研究生\图像处理实验室\kinect项目\kinect\qtguiapplication1\x64\debug\qtguiapplication1.obj
d:\experience\研究生\图像处理实验室\kinect项目\kinect\qtguiapplication1\x64\debug\learn.obj
d:\experience\研究生\图像处理实验室\kinect项目\kinect\qtguiapplication1\x64\debug\puttext.obj
d:\experience\研究生\图像处理实验室\kinect项目\kinect\qtguiapplication1\x64\debug\t1.obj
d:\experience\研究生\图像处理实验室\kinect项目\kinect\qtguiapplication1\x64\debug\unit.obj
d:\experience\研究生\图像处理实验室\kinect项目\kinect\qtguiapplication1\x64\debug\qrc_qtguiapplication1.obj
d:\experience\研究生\图像处理实验室\kinect项目\kinect\qtguiapplication1\x64\debug\moc_qtguiapplication1.obj
d:\experience\研究生\图像处理实验室\kinect项目\kinect\qtguiapplication1\x64\debug\human.obj
d:\experience\研究生\图像处理实验室\kinect项目\kinect\qtguiapplication1\x64\debug\main.obj
d:\experience\研究生\图像处理实验室\kinect项目\kinect\qtguiapplication1\x64\debug\t1_5.obj
d:\experience\研究生\图像处理实验室\kinect项目\kinect\qtguiapplication1\x64\debug\bodydatebyflow.obj
d:\experience\研究生\图像处理实验室\kinect项目\kinect\qtguiapplication1\x64\debug\mymain.obj
d:\experience\研究生\图像处理实验室\kinect项目\kinect\qtguiapplication1\x64\debug\script.obj
d:\experience\研究生\图像处理实验室\kinect项目\kinect\qtguiapplication1\x64\debug\speaker.obj
d:\experience\研究生\图像处理实验室\kinect项目\kinect\qtguiapplication1\x64\debug\t3.obj
d:\experience\研究生\图像处理实验室\kinect项目\kinect\qtguiapplication1\x64\debug\vc141.pdb
d:\experience\研究生\图像处理实验室\kinect项目\kinect\x64\debug\qtguiapplication1.exe
d:\experience\研究生\图像处理实验室\kinect项目\kinect\x64\debug\qtguiapplication1.ilk
d:\experience\研究生\图像处理实验室\kinect项目\kinect\x64\debug\qtguiapplication1.pdb
d:\experience\研究生\图像处理实验室\kinect项目\kinect\qtguiapplication1\.\generatedfiles\debug\moc_qtguiapplication1.cpp
d:\experience\研究生\图像处理实验室\kinect项目\kinect\qtguiapplication1\generatedfiles\ui_qtguiapplication1.h
d:\experience\研究生\图像处理实验室\kinect项目\kinect\qtguiapplication1\generatedfiles\qrc_qtguiapplication1.cpp
d:\experience\研究生\图像处理实验室\kinect项目\kinect\qtguiapplication1\generatedfiles\debug\moc_qtguiapplication1.cpp
d:\experience\研究生\图像处理实验室\kinect项目\kinect\qtguiapplication1\.\generatedfiles\qrc_qtguiapplication1.cpp
d:\experience\研究生\图像处理实验室\kinect项目\kinect\qtguiapplication1\.\generatedfiles\ui_qtguiapplication1.h
d:\experience\研究生\图像处理实验室\kinect项目\kinect\qtguiapplication1\x64\debug\qtguiapp.b12702ad.tlog\cl.command.1.tlog
d:\experience\研究生\图像处理实验室\kinect项目\kinect\qtguiapplication1\x64\debug\qtguiapp.b12702ad.tlog\cl.read.1.tlog
d:\experience\研究生\图像处理实验室\kinect项目\kinect\qtguiapplication1\x64\debug\qtguiapp.b12702ad.tlog\cl.write.1.tlog
d:\experience\研究生\图像处理实验室\kinect项目\kinect\qtguiapplication1\x64\debug\qtguiapp.b12702ad.tlog\link.command.1.tlog
d:\experience\研究生\图像处理实验室\kinect项目\kinect\qtguiapplication1\x64\debug\qtguiapp.b12702ad.tlog\link.read.1.tlog
d:\experience\研究生\图像处理实验室\kinect项目\kinect\qtguiapplication1\x64\debug\qtguiapp.b12702ad.tlog\link.write.1.tlog
d:\experience\研究生\图像处理实验室\kinect项目\kinect\qtguiapplication1\x64\debug\qtguiapp.b12702ad.tlog\moc.read.1u.tlog
d:\experience\研究生\图像处理实验室\kinect项目\kinect\qtguiapplication1\x64\debug\qtguiapp.b12702ad.tlog\moc.write.1u.tlog
d:\experience\研究生\图像处理实验室\kinect项目\kinect\qtguiapplication1\x64\debug\qtguiapp.b12702ad.tlog\qtguiapplication1.write.1u.tlog
d:\experience\研究生\图像处理实验室\kinect项目\kinect\qtguiapplication1\x64\debug\qtguiapp.b12702ad.tlog\rcc.read.1u.tlog
d:\experience\研究生\图像处理实验室\kinect项目\kinect\qtguiapplication1\x64\debug\qtguiapp.b12702ad.tlog\rcc.write.1u.tlog
d:\experience\研究生\图像处理实验室\kinect项目\kinect\qtguiapplication1\x64\debug\qtguiapp.b12702ad.tlog\uic.read.1u.tlog
d:\experience\研究生\图像处理实验室\kinect项目\kinect\qtguiapplication1\x64\debug\qtguiapp.b12702ad.tlog\uic.write.1u.tlog
